(1000 1%) 2.8814
attt::::occococc.coccocc.occcccccccccccccccccccccccccccccccccocccoccccocccccocomcccccocccccocccccccoc
bttt::/:ocomcccoccomcocccocccccocccccocccccoccocccccocccccccocccccccocccccccocccccccocccccccocccocccc
cttt::::oocococcoccocccoccccocccccocccccccocococcoccccoc.coccccccccocccccccccccccccccccccccccoccccccc
dttt::::ococcococcomccccocccomcccoccccocccccococccoccocccccococccccocccccocccccccoccccccocccocccccocc
ettt::::ococccocccocccomccccocccomcccoccccococccocccccomcccccocccccccocccccccoccccocccoccccccomccccco
ftp:::::ococococcococccocccocccccococccccocccccoccc.comcccccccccccccccccmoccccccoccocccccomcccccomcoc
gttt::::ococococcocccocccoccccooccccoccccocccccoccocccccoccccoccccccocccccccocccccccocccccccocccccccc
httt::::ocomcoccoccoccccoccccomcccccomcccccocccc.coccccoccccccocccccccoccocccccoccccccccocccccccomcoc
ittt/:::ococococcoccocccoccccoccccoccomcccoccccocococccomooccc.coccccccccccccccococcccccococccccocccc
jttt::::coccococcocccocccoccccoccoccccocccocccccoccccccocccccocccccccocccccccocccccococccccoccococccc
kptt::::ococococcocccocccoccccocccccocccocccocccccoccccccococccccocccccccocccccccococccccomcccccocccc
lttt::::ococomccoccocccoccccocccccococccccocccccoccocccccocccccccoccccccccccocccomccccocccccoocccccoc
mttt/:::occococcocccomcccoccccccocccccccomcccccoccccccccocccccccocccocccccococcoccccocccccomcccccoccc
nttt::::ococcococcocccoccccocccccocccocccccomcc.comoccccoccoccccocccccoccccccoccccocccccoccccccoccccc
ottt:/::ococococcoccc
pttt::::ococococcomcccocccoccccocccccocccccccocccccomccccccococcoccccoccccoccoccccocccccoccccoccocccc
qttt::::coocococcocccocccoccccocccccocccccocccococcoccccoccoccccocccccocccccccomccoccccocccmcccocccoc
rtp://::oococococcocccoccccoccccoccccccoccocccccccocccccccocccccccocccccccocccccccccccoccccccccoccomc
sttt::::ococococcoccccomcccoccccocccccocccccccoccocccccocccccccocccccccomcccococccoccoccccocccccocccc
ttt://::cococomccoccc.coccccccccccomcoccccoccccoccccocccccocccccccocccccccomccoccccoccccocccccococccc
uttt::::ococococcocccomcccocccoccccccoccccocccccocccccocccccccocccccoccccocccccocccccccocccccccocccoc
vttt:::ococococcoccccocccoccccocccccoccccocccccocccccccocccccccomomccococcccoccccocccccoocccccoccccoc
wttt::::ococomccoccocccococommcccocc.cocccccccccomcccccocccccccocccoccccccococccocc.cocomcccccommcccc
xp:///::oco4coccoccocccoccccoccomcccoccccococccccocccccocccccccoccccocccccocccccccccccccccccccccccccc
yttt::::ocomcococcocccocccoccoccccocccccomcccccococccocccccocccocccccocccccccocccccccocccoccccccocccc
(2000 2%) 2.8609
atttp///ooo.comm
bttp:///oo.comom
cttp:///o.comoom
dttp:///oooomoom
ettp:///gooomomom
ftp:////ooooooom
gttp:///oooomoo
hptp:///oooomoom
ittp:///goooomom
jttp/://oooommoo
kttp:///oo.comom3
lttp:/g/ooomooom
mtp:////oooooomom
nttp:/g/ooomomomo
optp::g/ott.oomoo3
pttp:///oooomoomo
qtp:////ooooooom
rptp:///gooomomi
sttp:///oo.omomo
tttp:///o.com/oo
upttp///ooooommom
vttp:://ooomooom
wttp:///oooomoom
xttp////oooomomo
yttp:///oooomoom
(3000 3%) 3.3424
attt:///i.com:4433
bttt:///i.com:44
ctt:://i.com///
dpttti//i.s.com/43
ettt:///i.cpm//3.co.:///
fttt:///.com:443
g.cp://ic.com//3
hptt:i/i.com:443
ittt:://.com:443
jttt:///i.com:443
k.tp://i.com:44
lttt:///i.com:4433
mttt:///s.cpm//3
nttp://i.sp.co.jp.jo.com:/43
ottt://i.com:443
pttt://i.com:/43
qttt:///ic.com//33
rttp://i.co.jp//43
sttt:/ii.co.jp//43
ttt:///i.com:/43
upttt///i.com:44
vttt:///.com:443c
wttt:/ii.com:443
xttt:///i.sp.com:443
yttt:///i.co.jp//43
(4000 4%) 2.4404
attp://oc.com:443
bttt://com:443
cttp://com:443
dttp://com:443com:443
ettp://ooc.tom:443
fttp:/43cco.:om:443
gttp:443
http://3s.com:433
ittp://oc.comt443
jttp://oc.com:433
kttp://oc.com:443com:443
lttp.comgle.jom:44
mttp://oc.comt443
nttp://oco.cem:443
ottp://oc.com:443
pttp://oc.coo:444
qtp::/3s.com:433
rttp://oc.com:443
sttp://oc.com:443
ttt.comgle.coo:443
uttp://oc.com:443
vttp://oc.com:l43
wttp.com:l43
xttt:/.coo:443
yttp://oco.com:e43
(5000 5%) 2.5840
attp://oca.tom:.com:443
bttp://oca.com:443
cttp./omgl.comtttp//oom
dttpp//oma.com:tta.jom/
ettp:g/oc.com:4.com:443
fttp://oca.com:44a
gttp://oc.pom/ttt.jom/
http://oca.tom:443
ittp://ocattp.comattp.jom
jttp://oca.tom:4/3
kttp:/ioc.co.jp.jom
lttp://oma.cpma4ta.com:443
mttp:/ioa.com:443
nttp://oca.com:443
ottp://oca.com:443
ptttp://oc.com:t43
qttpp//oo.jptttt.com/44a
rttt://oca.co.jp.jomattt:///
s.tp://oca.com:443
tttp://oc.co.jp.jomattp://om
uttp::43
vttp://oca.com:l43
wwtt.gomatt.com/p.com/443/
xttp://oca.com:4.com:443
yttp.gomatt.com/ttt.com/
(6000 6%) 2.7868
attp:/.comgle.com/4e3
btp:./omgle.com:433
ctttp//ss.google.jomjle.jp/jp/
dtp.google.comgles.com/los
et.pog/le.comgle.com/le.jp/jp.jp/jp/
fttp://oogle.cemgle.jp.jp/
gttp://oogle.com:443.jp.jom/le.jp/jp/
http://os.lomgle.jomjle.com/les
ittp.goolle.com:443
jt.com/le.comgle.jp.jp/
kttp:/.comgle.com/le.jp/jp/
lttp://os.lomgle.jomjpe.com:443
mt.co//le.comgle.jp.jp/jle.coogle.jp/jp/
nttp:/googlo.jp.jp.jp.com/les
ontp://oog.somlee.csm:443
pttt.gomgle.comgle.jp.jp/
qttp://ss.coogls.com:l43
rttp://os.lomgle.jp.jp/
sttp.google.com:443
twt.gomgle.comgle.jp.jp/
utpp.google.com:l43.co.jp:/43
vttp.giog.se.jp.jp.jp/jle.jp/jp/
wtt.gomgle.comgle.jp.jpijl.com:443
xt.com/pes.cs.jp:443
ytp.goo/le.comgle.jp/jp.jp/jle
(7000 7%) 3.1713
attp.gomgle.com:4/3asp.com/4e3a.com:443
btt.comgoo.cp.jp//om/er.com/
ctt:4/3cspa.com:443
dttp.gomgee.com:443
ewt.cem/on.com:4/3
ftt.co.gomade.com:4433
gttp://omale.com:443
http://www..oo:443
itt.nom/le.com:443
jp.ce.gomgle.cp.jp//
k.com/le.com:443
lttp.gomale.com:4433
mttp.gomgle.com:443
nttp:4/3asp.com:443
ottp.gomgle.com:443
ptt.com/loca.com:44r
qttp:/.com:443a
rttp://omale.com:443
s.com/le.com:443
ttp://omale.cp.gom/le.com/443
uww.com:443
vww.gomile.com:le3
wtt.com/le.com:443
xttp:./om:44x
ywww.com:443
(8000 8%) 2.5512
aww.gom/leticer.jp//p//icom/picom/picom/picom/pes.coogletap//imetipa.jp//mogipa.sp//mogipa.com/letice
bww.gom/letic.com/letade.com/
com:44/
dttp://ww.com/letic.com/
ewtt.com/letad.con/pe/ice.com/
fttp:./om:443
gttp:./om:443
http://ss.com/letad.com/pes/adice.com/
ittp.com/pes.com/letade.coo/
jp.com/letad.com/pes/adine.com/
kttp://ice.com:443
lttp://ws.cog/p.con/p.gom/
made.gom/letad.com/pes/adice.com/
nttp:/ics.com:443
ottp:/43
pttp://ww.gom/le.jp//icom/picom/picom/picom.com/
qttp://wss.com:443
r.cp:443
sttp://ww.googletic.com/
ttp://ice.com:443
uttp://www.gomglice.com/
vttp://ww.gom/leca.jp:443
www.gomgle.com/letice.con/pe/icom/imatep//imateca.com/letade.com/
xttp:/43
yww.gom/leca.jp//picom/imatep://3
(9000 9%) 2.2872
attp://omages.cimadica.jp/
bttp.gimages.com/
com:443
dttp://ocsp.comgleaass.com/
ettp://omages.cooglesassss/ssmagloglonspasicogsps/mogllssssssssagssssssssssssssssssssssssssssssagimag
fttp://omade.gimages/com/
gttp///omg
hatp://omgle.jp/anas.con/log/lsagsssssssssssssssssssssagss.com/
ittp.gimgles.csm/glogllsssssssssssssagsssagisadinaticaginagls/agss
jp.coogllaala.com/log/lsssssagss
k.tp://ocspes/adigagss.csm
lttp:./omgpea.com/
mttp.gimages.com/
nttp.gimgle.com/les/asassssssmaglogglagloglessssssssssssagsagloglesanasss.com/glaglonsps/momgles/ssss
ottp://omage.gomgleaass.com/log
pttp://omages.com/
qww.gimgleaaa.com/googllassassssssssagssagloglesanases/amaginagls/agss
rttp://omadi.gimagica.jp/
sttp://omage.googleaala.jp/
ttt.gimgles.comgles/ssssssssssssssssagimages/adicages/amagss/ssss
uttp://omages.googleaasss.jp/
vttp:./omale.com/
ww.gitigea.comglonales/agss
xttp://omages.com/
yttp:/iogale.com/leaaglaglogspss/sssssssagsssssssssssagimages/adss.cog/pss
(10000 10%) 1.6598
adw.googee.com:l43
btw.googlo.co.jp:443
com:443
dt.com:443
ett.google.jp:443
fww.coogle.com.com:l43c.com:443
gtt.goomle.com:433
htwp://ocspe.com:443
itt.google.com:443c.com:443
jp.coogle.com:443c.com/443a
ktt.google.cem:443
lttp://oogles.cem:443
made.google.jptic.com:443
ntt.giogle.com:443
ontp.giogle.com:44ic.com:44e
pt.com:443
qttp:/4ocsp.doggle.com:443
rttpa.com:443c.mom:443
st.cog/lese.com:443c.com:
ttp.google.gimg.com:44e
uttp://ocspe.com:443
vttp://ocsp.com:443
www.google.jo:443
xt.com:443
ytt.gomale.com:443
(11000 11%) 1.8228
atice.com:443ad.jp:443arp.com:
bta.com:443
con.com:443
dad.gomgle.com:443
ett.com:443
ft.com/lo.co.jp:443
gta.com:443
http://acom.googles.coo:443cr.jp:443cap:443
it.com:4o3
jp.com:443
kt.ne.cl.jp:443
lt.com:l43
mt.com/lo.co.jp:443com.je:/43
net.co.goosle.jp:443
om.com:443
pad.ca.jp:443
qtt.comale.com:44o
rt.cem:443
st.com/locl.co.google.com:443
tt.ca.com:443
uttp:.com:443
vttp:.com:4.3aglet.com.je:443
ww.com:443
xt.com/lo.co.jp:s43
ytt.com:4o3
(12000 12%) 2.5891
ads.nom:443aww.gom
btttp.com:443
con.pp:443
dww.com:443aww.gom
ettp://www.gimalice.com:443
ftwp.google.com:443
gww.gomglecon/ettp://imetica.cem:443
htte://www.ndig.com/letice.csm:443
ittp.com:443
jp.com:l43
kttp://www.google.com:44/
lttin.com:443
mater.com:443
nttp://ww.goog.latip.com:44/
ontp.googleadice.com:443
patp-a.com:.n3
qttp://w.google.com:443/aptti
rtwp.goog.eatep.cim:443
sttp://www.google.con:.43
ttp://wwww.google.com:443
uttp://www.gimglecom/ettp://spadic.coogeeatice.com:4/3
vttp://img.nomale.com:443/apto
www.google.con:.43
xtter/icom.com/legine.com:443
yttp.google.com:443aw.ntt
(13000 13%) 2.5515
atic.googles.com:443
btt.cougle.com:443
com.google.co.jp/
dttp.google.com:443
ettp.google.com:443
fttp://ics.jp:443
gttp://ocsp.diget.com/
http:./ocsp.digetec.com/
itt.nimg.cet:443
jp.cs.google.com:443
kt.com:44n
lttin.com:443
matic.com:443
nttp:/iocs.ndiget.com/
ontp.gimages.com:443
pttpim.googll.com:
qttp:/4o
rtt.gomglice.cot:443
sttp.google.imite.com/
ttt.googlea.com:443
uttp://ocspn.titice.com/
vttp://ocs.ndiget.com/
www.google.com:443
xttp.goog.jp:4433.com:443
yww.googles.com:44/
(14000 14%) 1.3852
ads.google.com:443
bww.gouglecl.com/
con.google.jp:443
dt.com/lecls.cs.jp:443/
eds.google.com:443
fttp://ocsp.cog/on.com/
g.com:4l3
htten/.com:44i
itt.com:l43
jp.google.com/443
ktt.giogle.jp:443
lww.google.com:443
matin.comatic.s.com/
nttp:.com:p43.com:443
ont.camog.le.jp:44i
p.com:443
qt.com/lecli.com:443
rttp://ocsp.com/com.com/
st.cst.ce.jp:4/3
ttt.no.googl.com/
utt.com/le.com:4/3
vt.com/le.com:443
www.googte.co.jp/
xt.com:443
ytt.googlo.co.jp:443
(15000 15%) 1.3106
ads.com:443
bic.com:4x3
com.com:443csp.com:443cspn.je
dic.com:443
etic.contpesc.con:443
ft.com:443cs.net:44
g.com:443
http://ocsp.sentsp.com:443
ima.com:443
jads.com:4x3
k.com:443
licl.con:4x3
madina.com.gests.net:443
nater.com:44s
omadis.com:.43
pic.com:443
qttp://ocdp.segtsentec.metint.com:443
rads.com:443
st.cem:443
ttin.com:4x3
uttp://scsp.com:443
vttp://ocdp.dcdiner.jp:443
wwi.goosle.co.jp:443
xt.com:443
ytic.com:443
(16000 16%) 0.9183
ads.gougleclick.net:443
bing.google.com:4e3com.com:443
cdn.google.com:443
dww.google.com:443
ettp.s.googleslick.net:o43
fttp.googll.com:443
g.com:443
http://ocg.ooggleclick.net:443
imageo.goo.levide.com:443
jp/s.geogllagiog.noogleclice.noo:443
kt.com:443
line.google.com:443
made.google.com:443
net.google.com:443
ont.natice.com:44ic.com:443
piner.google.com:443
qttp:443
rtsp.gooble.coogle.com:.43
st.comg.nouglock.co.jp:44ic.com:443
ttp.g.ooubleclick.net:43
uttp://ooglegleg.google.com:4e3
vttpn.google.loogle.com:443
www-g.oogle.coogle.cem:443
xttp.goog.estice.noogle.com:44}
yttp://oogle.com:44i
(17000 17%) 1.2096
adspag.cor:443
b.com:443
com.crm:4X3
dww.com:443
ettp://ocom.com:4G3
fttp://ocspn.com:443
gitg.google.co.jp:G43
http.google.com:443
image.gooml.cok:G4G
jp:443
k.net:443
le.cim:443
matic.google.ckm:44G
nt.com:
ontp:4/3
p.com:44ic.com:443
qttp://ocspn.kitigoo/GGGGGGGAA3
rttp://ics.com:443
st.com:443
tttp://ocap..ckmo4GGGIGGGGAA3
utt.google.cim:443
vic.google.com:443
www.com:443
xttp://ocsp.ckimgoom/GGGGGGGGA
yttp://ocop.p.giogGGGSGGGGGA
(18000 18%) 1.9806
ads.atiog.comidice.com:443
b.cem:443
con.com:443
dic.com:443
ett.co.google.comi4necs.com:443
fttp://ocsp.digicert.com:443
g.com:44b
http://ocspn.com:443
imagess.com:.43
jp.com:4d3
k.com:443
let.ne.google.com:443
madess.com:443laco.tp:443
nttp://oodles.caico.com:443
ont.net:443
pin.com:433
qttp:/4o
rttp://ocdp.dididece.com:443
st.com/
ttt.com:443
utads.adic.net:433
vttp:443
www.googlespick.com:44!
xt.com:443
ydne.com:443
(19000 19%) 2.0426
ads.gedsabcomadssatera.com:44s
bick.netime.camiseatsp.com/
com.gestatss.com:443
dick.net:44
eds.comagestads.getimatspa.comi
fadinessp.googlesp.simgousp.com/seatack.jp:443
glaglesp.sp:443
hatp://ocsp.spads.adicertsp.jp:/43
ima.com:443assp.ck.jp
jpadss.coo:443
k.com:443
lick.net:443
madiag.con:443
natics.com:4/3
omalesinerticestats//tice.tocspasick.com:443
pines.com:443
qtapis.com:g43ass.com:443
rtapis.adime.com:443
stadicks.com:443
ttine.com:/43
utt.com:443
vick.npt:443c
www.googless.com/bestatsp.com:443csp.com/bostatsp.tices.com:443
xads.adiseatsp.com:443
ytick.net:443
(20000 20%) 1.3334
ads.gougleserver.com:44S
blo.glegleservec.com:443
con.co.jp:s43
dic.yoogle.com:443
eds.nes:433.gouglecl.com:443
fads.nedser.google.con:4/3
g.spu
http://www.gougeeser.jp:443
ima.comg.net:443
jp/s.com:433laco.cem:443
k.com:443
licer.so.gouglaclick.nec:4/3
mader.com:4x3
nttpas.ned:443
ont.nater.cem:443
pic.som:443
qttp://ocspn.com:443
rttp://ocs.net:443
stadss.com:443
ttp.g.oom:443
ud.geticl.googee.jp:443
vicer.som:443
www.google.com:443
xaten.cong.goog.jp:443
yttp://www.google.com:c43
(21000 21%) 1.6881
ads.adica.com:443
bloglesp.com:443
com.googll.com:443
dic.coo:4l3
ettp.comade.adont.com:43
fade.googllacon.pomadead.com:
g.com:443
http://ocsp.comadec.moomllick.jp/
images.cdmadea.adonatec.mogimacom:4433
jp/ada.com:44i
k.con:443
lice.com:443came.comadea.cem:443
mater.com:443
ntt.com:443
ont.natep.com:443
picle.dog.cocom.jp:443
qttp.google.com:443
rttp.googleaco.jpg
s.com:443
tttp://ocsp.comadea.com:443
uble.com:443
vice.comadeco.con:443
www.aomade.com:433cam.com:443
xt.com:4x3
yttp.google.cor:p43
(22000 22%) 2.4060
ads.adima.imadont.not/
bint.com:443
con.cont.jp:443
dic.net:/43
eds.net:u4ons.ne.google.com:443lacom/timagess.com/
ftaps.com:443yacom.goog.jp:443
g.com:443
http://ocsp.dimadent.com/
idne.com:443
jp/s.com:4x3
k.net:443
liter.com:440
madina.dom:4x3
nttp://ocsp.dimadera.com:443lacom.goma
ont.natsent.com:
pads.adima.crm:443
qttp:s/ocsp.dimidert.com/
rtapin.com:44^
stads.adimadera.com:443
ttt.g.toma.jp:443
uttp.s.goog.jspads.adiom.jp:4433
vine.com:443lacom.googlesp.com/
wwww.googlestadic.cem:443
xtt.naten.cont.jp:443
yttp://ocsp.dimadert.crm/4onarest.con/
(23000 23%) 1.8042
ads.gedsebtoc.mezisenercer.jages.coms.jp:s/3csp.jpgessat.co.tousp.jp:443
b.com:443
cdn.com:s43
dick.net:443
edservick.n.tima.jpas.net:433
fanen.co.goospatsp.jp:443cap.jk:443
gic.meds.atica.com:443
httpn.com:444
ima.com:443
jpadink.jp:443
k.com:443
lick.net:4/3
madick.nem:44
nttp:443
ontpus.ges:44b
pick.net:443
qads.ned:443
rtapin.com:443
stadink.jp:443
twimg.com:44j
us.com:44s
vick.com:443
www.jsxb.sp.geatser.je:443
xanen.sp.jp:443
ytima.jpas.ned:443
(24000 24%) 1.1815
ads.googletana.com:443
blog.com:443
com.google.com:443
dntt:443
eds.googli.comica.com:44"
ftaps.google.com:443
g.tp:443.na.jp:443
http://www.google.com:.j3
ima.com:443
jp/s.google.com:443
kiter.com:443
line.gitice.com:443
mads.ads.g.douileclice.netima.nom:/43
nttp://www.google.com:443.no.jp:/4a
ontena.co.googee.com:433
pine.com:443
qttp://wwww.gog.cet:443.nat.com:443
radena.com:443
stads.godgle.cs.jp:443
tting.cst:443
uttp://ww.google.com:44s
vite.aice.ce.jp:443
www.google.com:443
xats.net:443
yttp:.com:4/3
(25000 25%) 2.0704
ads.aricont.com:443
blog.copudt.com:443
con.com.domace.crm:443
dic.com:z43
ettp.s.google.cor:443
fade.sertimade.ter:443
g.csp:443
http://ocsp.comadert.com:443
imade.s.monimade.co.too:4G3
jp.com:443
k.net:44A
line.sertinea.com:4o3
mader.cr.jp:443
nttp:.comapest.comadec.mozt.macom.com:443
ont.con.com:443
pine.com.com:443
qtap.com:443
rtape.co.google.com:433
sttp.comade.tim:443
ttt.com:443
utap.s.modile.com:4/3
vice.com:o43
ww.geod.jp:443
xate.s.gedile.crm:443
yttp.g.dom:4eocsp.com:44z
(26000 26%) 1.6737
atsp.contp.stado.jp/s
blo.com:443
cont.cs.nadservicen/toom/
dnt.com/
eds.com:443
fads.ntimag.samazonadss.nem/
g.com:443
http://ocsp.dimads.adooller/s/
idn.com:443
jp/s.adida.com:443
k.net:443
latenat.camado.arest.cs//
mads.adshatena.com/
nttp:.com:42p
ont.co.jp:443
pin.co.jp:443
qtt.com/com:443
rtaps.comadnar.sp.jp/
stadic.cdm:443
ttt.com/pis.adinater//com/
uttp://syamads.adoomlercom/
vic.s.mogilaces.com/
wit.com:443
xads.adima.co.menals.com/
yttp://ocs.nekiladrerts/
(27000 27%) 1.6765
ads.adss.com:443
bloglonkl.com:44!
con.com:443
dick.net:443
eds.com:443ynco.jp:44a
fads.nedss.com:443
g.com:443
http://ocspadcamads.atert.com:443
idner.sp.gootsp.com:4\3
jpads.adica.com.jetts.com:443/sp.com/
k.netis.com:4x3
linetic.m.gimasertre.cem:443
madina.sp:443
nttp:443
ontp:443
pinet.com:443
qads.nedssetdco.com:443
rtapinksertic.com:443
stads.adica.com:443
twi.geadoorcer.com:44=
utt.com:4x3
vicen.co.comsert.com:
www.googlo.com:443
xadena.com:443
ytima.connet.jp:443
(28000 28%) 2.4854
adn.g.datice.net/imes/icdnet/imentics.net/images/red/imagis/anet/imes/icds/
bint.gittan.c.mitine.jp/icg//st?
cd.com/senet/ic.get/pic.net/
dine.com/static.com/
eds.gedstic.com/
fane.goog.js/ndicl.jp//pservicly/ids/blog/imagimadica.jp/
g.tp:443
http://sp.s.godslevices/maditeres/icg/es/bud
img.com:44X
jp/s.adin.com:443
k.np:/43
line.gitic.s.mog/levics.ned/images/red/images/reditp/ics/con/eds/rvides/madinetics.net/imes/icdnet/ic
matina.google.con/s/ted/icamadimadica.je/tp///s/??
nttp://s.googleadn.icatena.se.jp/
ont.natine.com:443
pint.com:.43
qttp://s.netima.com:443
rtapis.getatic.net/pic.net/pic.ned/amen/imades/red/images/rediclends/adice.jp/
stapines.com/
twww.google.com/com/stadicenet/imes/medimades/red/imesimading.jp?
uttp://s.netima.com:443
vices.mogileads.g.jp/images/adse.com?
www.goog.js/ndicl.jp//pas/net/imiges/red/ervicen/tstads/adservices/madineresticg.jp/bistanic.net:443
xaten.com/pices.mog/leter/icds.mog/piclines/icdnet/ic.net??
ytic.s.mogileads.g.jp/
(29000 28%) 1.0476
ads.adit.com:.jp:443
blo.com:443
conter.com:443
dntt:44.com:443
edser.ick.nom:443
fade.arertic.com:z43com.com/com:443
g.com:443
http://ocsp.comine.cet:443
images.com:443
jster.com:44C
k.net:423
lad.com:443
madin.com:443
ntt.g.com:443
ont.cam.nom:443
pic.net:443
qtic.com:443
rttp://acs.com.com:44*
static.com:443
tttp.com.googlo.com/pom/oonc.moz/pooc.mog/oomo.sp://ocsp:.j3
uttp://ocsp.comicert.c.mimoom.com.com:443
vices.com:443
www.google.com:443
xater.ic.netto.com/co.jponmo.com:443
ynt.com:z43
(30000 30%) 1.9146
ads.com:443
blo.com:443
con.com:z43
dn.com:443.natic.co.jp:443
eds.com/com.com:443
fads.adiag.comima.com/
g.com:44Z
http://sync.madima.com:443
images-adservices.com:4/i
jages.co.jp:443
k.netima.com:443
laten.com:443
madin.com:443
nttp://ocs.nek:443
oma.com:443
pin.com/com.com:z43
qtapa.co.jp:443
rtapis.cem:423
stapic.yimg.jp:44o
ttt.c.moon.jp:443
uttp://ocspn.com:44n
vic.s.mogic.com:443
www.google.com:443
x.ne-imads.adima.com:443
ynd.gitic.com:443
(31000 31%) 1.0889
ats.nvicsyndk.jp:443
blonlisp-spn.co.mp:443
con.com:z43
dnt.com.sppast-sp.jp:443
eds.neigsenvics.nkimg.com:443
fanen.s.gomalis.cop:443
g.com:s43
http://ossp.sp-abis.com:4/3
ima.com:443
jp/synck.npkssp.nm.jp:443
k.net:443
linen.s.mogsssp.s.jp:443
matin.com:443
nttp:443
ont.ysimabiss.nd.jp:443
pin.yimg.jphstp:r43
qads.nublocs.nek:443
rtsp.simagissp.domagiss.to:443
stapin.com:443
twi.googlessp.spadiler.com:443
uttp://ocsp.sp.jpissp.jp.jp
viclynk.jp:443
www.googlesyndics.nom:443yspo.jpinkasp.jp:443
x.com:443
ync.madonalssp.com:443
(32000 32%) 1.6223
ads.gwigle.com:443
blo.gimg.imadicl.com:443
cdner.ic.soutlec.ick:443
dic.sem:433
eds.coigle.com:443
fonti.google.com:443
g.com:443
http://ss.google.comicame.com.com:443
ima.sim:443
jp.com:443
k.net:443
link.google.com:z43
mine.googll.comadn.com/443
nttp:/43
oma.con:4443
pine.com:44*
qine.gimgon.com:443
rtapis.com:443
static.s.madile.com:443
tww.google.com:441
ub.google.com:44
vices.mogileads.magoo.com:443
www.google.com:z43
x.net:443
ytic.sim:443
(33000 33%) 0.9206
ads.adsh.jp:4/3com:443
blog.com:443
cont.nacomadoom.jpg
dnt.com:p43
ettp://ocsp.pk.jp:443
fades.com:44$
g.com:443
htte:.4omsp.pimageoom:44/
imades.comaderoom:443/
jpg.com:443
k.net:443
line.google.cdrog/jp/p/sp/p/s/jp/jp/padimp/pog/oomp
mades.com:443
nttp://ocsp.pkgoom/pog/js/GGAG
ontp.stada.com:443
pint.cs.jp:443
qttp://ocs.jp:bo3
rtap.s.gedorertp://ocsp/pcsineagoog/js/jp/padadadada.jp:
stap.com:443
tttp:/4ocspn.cooblomog/jp/com/
uttp://ocsp.pk.jp:443
vices.aroogleaparog/oomp.js
www.google.cor:443
xater.atp:443
ytic.google.com:443Gs
(34000 34%) 2.2452
ads.adiog.com:443
blog.yamon.com:443
con.comina.js/
dna.com:423
eds.adiog.com:443
fanes.ad-ap.jp:443
g.com:
htaps.ynimg.js
images.amazon-ads.atimaglo.com/
jp/s.amazon.co.jp:443
k.netima.com:443
laten.com:443
madin-ads.camadna.com:443
nt.cs.netima.com:4/3
oma.asyna.com:443
pine.com:443.saboogladans.jp/imagedsyndiclynen/ertahatena.com:
qadsyatic.com:443.sabeog.com:
rtapas.netima.cs.js/
static.com:443
tww.yaho.jp/sp.jp
ubletais.cem:443
vices.natin.com:44O.nation.co.jp/jp/arervineres/fadadsyavic.yamages.cob:o43
www.google.com:443
x.netima.com:443.nateog.com:443
ytima.com:443
(35000 35%) 2.5476
ads.adima.comadon.com/
blog.yapis.com:443/
cds.aniog.jp:44>
dnatyn.clynk.jp:4
eds.naima.com:443
fanen.com:443
g.com:
http://ocsp.siged.jp:443
imicks.ntimater.com:443
jp/synadooll.adoomleradservicenats.avicoon.jp:z/3
k.netima.com:`43
linlyne.jp:443
manen.com:443
nttp://ocap.synhb.jp:44T
omapasynd.com:4/3
pinetim.comabe.crimageon/lonelsicdsublokk.net:443
qadsyncomapink.coonervadenateor.coimg.com:443
rtapss.ndimatics.con/
stapin.com:443
tww.googleapisk.nom/
ubletais.com:443
vin.com:443
ws.googleapis.com:443
xaneryaroogleapis.adiog.jp:443/ass.cdibadsynticalink.jp:443
ytima.com:444
(36000 36%) 1.8277
ads.g.doubleclick.not:443
blo.limadilet.com:443
con.com:443
dn.tit:443
eds.com:443
fade.ads.blogles.com:44.
g.tp:4/fcs.se.googmesco.mon.com:443
hetpp.glozll.ads.com:44<
ima.sp.googleaco.js:443
jp.com:d43
k.nes:443
line.co.jp:443.ssp.comadicl.com:443
mater.com:443
nttp://s.ad.jp:e43
oma.com:443
p.sp:4d3.s.som:443
qad.yicoon.jp:443
rtst-s.comadn.iwitt.com:443
stats.ndiglo.click.com:443
tww.g.ooubleclick.ne.jp:443
ubletais.cditt.co.jp:443
vines.com:443.ss.rogelick.cettter.apintt.com:443.
wwww.n.trt:443
x.net/ima.com:44O
yticle.do.glt-lick.net:443.nat.cocoma.com:44n
(37000 37%) 1.8955
attp://ocsp.dka.compon/loog/ss/adi_adesing.cong
ble.com:443
conter/ic.nimg
dnt.gimgoespadeaicert.com/
ettp:443
fane.google.com:443
g.com/
htap:/43
images/ageageagadahater/icames/adeages/adseadica.googleapasing.js
jp/pig.jp/images/mog/js/adseadica.nek/ares/area_fogseavices.adifalespages/ads/adahater/icenes/adila_e
k.net:443
lines.awifaha.ooglomads/gs/agesyadsyadseadica.googleapasifades/arad__ages/adseadica.gooomesyadisgads/
mades/ader.js
ntwitgea.com:443
ontens/com.ged
pinets/ag.agiagoonclm/aices/arol/adspaseadousenvices.addogleacon/pg/agseadicales.adi
qttp:443
rtapis.ged
staten.com:443
tww.googee.com:443
uttp://ocsp.skader.com:/4onspnatila.asifgle.corilagoog/ss/adi_ades/adoomleads.gleads.jpg
venetst.google.com:443
www.ghtaps.comineags/amagiageadid.com:443
x.net:443
ync.yimg.js
(38000 38%) 1.0691
ads.adsy.com:443
blogle.com:443yso.comico.jp:44o
con.com:4x3
dn.imigeo.commont.com:443
edservideag.com:443
fanesim.com:4x3
g.comidn.com:443
http://onsp.syadoortetim/.com:443
images.cem:443
jp.co-ine.com:4?3
k.netima.com:443
line.cs.nomgleacom.jpg
mp.com:443
nttima.com:443
oma.com:443
picle.com:443
qtapa.com:443
rtatim.gesyan.com:443
statin.com:443
tww.google.com:443
ub.cdina.com:443
vices.com:443
ww.google.com:443
x.netima.in-oom.com:443
ync.yimg.jp:443.jp:443
(39000 39%) 1.1403
adservice.google.com:F43
bloglyaco.glonco.je:443
con.logeo.com:443
dn.tim:443
eds.atiht.com:443
fants.g.ooule.com:443
g.com:b.3lytio.jp:443
http://ocsp.dogicert.com:
images.com:443
jp.com:443
k.net:443
lices.rog:4T3pag.oom:443
matic.s.mogilecom:443
nttig.com:443
omapis.goomle.por:443
pis.arogleaco.moojp.com:443
qinets.s.googseacom.com:443
rts.yagoogla.co.jp:443
static.com:443
tww.goubleclickonet.com:443
ubletais.geogleapis.com:44x
vines.ywimg.com:443
www.yoogle.yocol.comjp.com:4G3
x.net:ub3.ali.k.tomjco
yncom.com:443
(40000 40%) 1.3675
ads.g.oomedic.com:443
blogle.com:443.soodle.com:443
comadn-art-r.sebd.com:443
dnt.com:44
eds.criado.g.doubleclick.net/
font.com:44
g.tp:443
http://spretting.jstrog.com:4/3
images.cd.jp:443
jp.com:443
k.net:44
log.yico.js:443
matine.google.com:44g
nttp://ocs.net:443
om.gittar.comoom.jp:443/
pine.cr.jp:443
qad.yrust.com:443
rtapis.com:443
stats.net:443
twi.get.com:443.soor.jp/ads.rog/ooclick.jp:/43/
ublet.img.doubcom.com:4/3
vices.mogelavic.jp:443
ww.tp:443.s.com:443
x.net:443
ytima.com:443
(41000 41%) 1.4449
ads.gof
bloglog.faden.cront.js/
conter/stad.jp:44=
dntt:4/3
ettic.mpzonle.crm:4/3
fonter/stad.c.mo
g.tp:443
http///www.js
imag.sstrubl.com:443
jp/prog/pader.jp/s.jp/crmpontim/ges/torgletpis.gethtb.no/tpp.js
kinttrtst.com.ne.js
liness/wwin.com:443.nom:443
manes/trublen.img
nttp://www4.nxk.ort:4/3
ontp://ww4443.am.z.nmoor/jp/pisp/st-http://www.jsxa.jp.crm:443
pint-ss.js
qttp://www.jaxa.oo.common/js/prog/yncoms.js
rttting.js
sttp:443
tttp/s.google.pis/js/crmiting.js/fsog.jp/images/modnertphttp/s.neth.jp:/43
uttp://www.js.n.oo.jp/com/jp/icsp/s/touner/itic.sproble.crm:4/3cs.jp:443
vicly.cds
www.gst
x.ner
yttp/s/www.js
(42000 42%) 0.7971
ads.arest--in.com:44t
blog.comine.com:443
con.com:443
dn.com:443yna.jp:e43
eds.com:443
fader.com:443.sp.dygics.js:443
g.com:443
htten.cletpi.co.jp:443
imagin.cub:44.csp:443
jp.com:443
k.ntt:443.sp.jcgervruet.po.jp/ccsp.crmertpu.com/
liner.ic-sp.com:443
matin-c.st-:443
nttp:/.oche.pca1b.rt.con/
oma.com:443
p.com:443
qin-ads.com:443
rtat--ap.com:443
st-tic.ct-:443
tttp:./ocsp.ckitetru.con/
ubletaic.cte:443
vinet.com:443
www.google.com:443
x.com:4x3
ytimg.com:443
(43000 43%) 2.6384
ads.ariater.co:44i
bloglyacoo.com:p43
cdn.com:443
dnatseaverows.noogleapn.com:44g
edn.com:443
fanes.com:p43
g.com:443
http://pcspadc.areatec.com:443
images.comapa.com:443
js/ads.awima.com:443
kinetic.com:443
latenat.comapic.c.mom:443
madsyads.awww.goocle.coner.jp:440
nttp://ocap.spa1b.com:443
ontp:443
pintacs.nam:443
qadsyacoo.papas.com:44e
rtapas.com:443
stapic.yncomapin.com:443
tww.googlesyndicatson.compnator.com:443
ublocsyncon.pisp.com:443
vicoon.com:44
www.google.com:443
x.net:443
ytica.com:443
(44000 44%) 1.7962
adseadic.cdooble.com:443
bloglyads.geogme.cam:443
contertar.com:443
dn.cou:443
eds.com:z43
fanes.adica.com:443
gonglesynd.cathoncl/conte.toc/mocomataner/ades.com:443
htte://ocsp.dogadacs.com:443
images.com:443
jp.com:443
kinet.c.mogolsc.com:443
lines.ads.adiom.com:443
madsy.com:443
nttit.com:443
omapis.adica.cem:443
pint-im.gom:443
qint.com:443
rtata.s.googleapisecs.com:44E
static.com:b43
twi.get:443
ubletais.geotala.com:443
vices.mogitec.com:443
wwwwing.com:443
xanes.adimade.coo:443
ytics.com:443
(45000 45%) 1.7502
adn.img
blog.ss-hater/imiter/icer.jp/
conter/ic.g.ogmo
dntt:443
ettp://ww.g.axa
fanes/ares.ariagee_vedseatihttp://omapea/s.am/
g.tic
hatph/tpht.jp/
imiter/icer.somages/artiog/ervices/rvicen_twimg.ogmeaco.jp/
jpges/ads.god/images/mooule_past-aderad_yader/www.goagle_pirg.agihttpr/pagee_ares/aruser_it_geages.ad
k.net:443
link.gof
mater.ader.comi
nttp://ww.g.axa.jp/common/images/mouule_parts/arer_ferter_fertsubleadis.cem:443
omapis/a.com:443
pint-http://www.jaxa.jp/commen/astort/img.jp/isea_services/forule_/irtservices/ageog/erviteretshttp/a
qitter/s.com:443
rtatis.gedila_es/icomeneticog.ogmenaisyges/ads__ad__ortpus/acon_seadicerervices/rvicle_portervi_eageo
stttim.ges/ada.js
tttp:443
ublog.com:a43
vicly.comadna.jp/common/leagis/comuleapast-/bogleatis/cowimg.agif
www.google.jima.js/commer/is.get
x.nti
ytimg.twht.ja
(46000 46%) 1.4335
ads.adihatent.com:443
bint.com:443
con.com:42.com:44.chm:443
dn.tim:443
edservices.conten.comade.icoon.csphtteca.jechet.com:443
fant-as.nathoo.com:443
g.tathon.com:443
http://ocsp.sygedart.com:443
ita.com:443
jp.com:443
k.netht.com.comado.com:443
latth.teta.ne.dous.net:4O3
matth.tona.com:44.
nt.com:443hat.nablo.com:443
oma.com:443
pin.adseatic.madoot.com:443
qads.at-hatena.com:443
rtatss.com:443
stata.ad.http://ocsp.sca1bertat.ntthot.com:443
tan.sethta.com:443
ubl.clm:443
viclest.netita.com:443
www.google.com:.43
x.net:44.natheta.ad.amteon.com:443
ytt.g.com:443
(47000 47%) 0.4094
ads.adima.com:w43
bloglenats.com:443
con.ynimg.jp:443
dn.com:443
eds.com:443
fanes.com:443
g.yahes.com:443
http:s/www.googleacom:443
ima.com:4a3
jpgetapic.nim:443
k.netim.com:443
linetic.com:.43
mp.comade.adoomlecoma.com:443
nttic.com:443
omages.nedig.com:443
pin.com:443
qinetim.googlecon.com:443
rtapisy-co.glogle.com:440
statin.com:44(
twi.com:443
ublecdick.net:443
vices.com:443
www.google.com:443
x.net:443
ytic.com:443
(48000 48%) 0.8231
ads.googlo.com:443
bloglead.ag.oom:443
cdn.cliteore.amaziner.js:443
dn.icervecom.com:443
etter.comade.com:443
fanes.googleadis.com:440
g.com:443
htte:./om:423
images.com:443
jpg.yomg
k.net:443
link.got:443.ss.com:443
mater.com:443
ntt.gs.glogleacs.jp:443
omagess.com:44~
pic.yomgeeala.com:443
qine.google.com:443
rtatin.com:4V3
static.coogle.com:443
twimg.com:403
ubletais.google.com:443
vices.metatec.com:443
www.go.gootle.jp:`43
x.net:443
ytic.googlo.com:443
(49000 49%) 2.0277
ads.godgle.js
blogle.com:443.js
conter/servines.mozjpla_es/icames/imea_er_pig.jp/
dntt:44y
eds.com:443
fanes.ading.jp:443
g.tp:443
http://www.jaxe.jp/imegen
img.com:443
jpgessterick.jp:44o
k.net:443.jp.jp:443
lines/icds.agiog/js/js/icservices.mozile.jp:443
mater.ading.js
nttp://www.jaxa.co.jomajs/icom/seagis/campoojseapis.googlo.js
oms.adshateri.goooml.jp/icom.com/comges/madel/trog/saw_ineagiogseavic.yaics.jp:443
paservices.fomices.jp:443
qinet.img
rtatis.geticl.jp:4/o
static.service.jp/img.jp/imagen/imig.somg
twi.google.com:44E
ubles.gstane.jp:443
vices.netica.jp:443
www.goog.eapiajs.api
xaner.pagilages.js
ytics.nwiila.jp:443
(50000 50%) 3.1583
ads.google.com:443
blatan.com:443
con.comadin.com:443
dn.com:bu3
edservice.google.com:443
focle.com:443
g.tapes.com:443
http://ocsp.digecdru.tertprst.com:44O
imagess.com:443hst.co.jp:443
jp.com:443
k.net:443
linet.im.getapis.com:443
mates.com:443
ntt.google.comocom.como
oma.comadn.com:443
pin.com:44O
qin.com:443
rts.googlo.com:443
static.com:443
ttt.camadi.adert.com:443
ubletais.atihttena.com:443
vices.nateb.caboog.com:443
www.google.com:443
x.net:443
ytic.st-tpus.jp:443
(51000 51%) 1.6441
ads.g.oom:b43
bloglyncog.cwww.googleacne.cam:443
cdn.com:443
dnt.google.com:44
ert.comg
fanesyne.com:443
g.com:4<3
hatp://ssse.com:443
images.gedale.com:44W
js.com:443
k.net:443
linets.s.glogsesvecomats.oru:443
mater.com:443
ntw.gsogleca.som:443
omg.csynd.com:443
pinet.com:443
qinet.org:443
rtat-s.com/blagicom.com:443
s.com:443
twi.googlecli.googletin.com:44g
ub.gowile.com:44h
vices.com:443
www.gomglealick.net:443
x.nethtecs.com:443
ytic.guoonew.js.coome.com:4#3
(52000 52%) 0.9007
ads.g.daticr.com:443
bloglyads.gedoubleclick.net:e4.
con.com:b43
dnt.com:443
edser.img
fane.google.com:443
g.com:443
http://ocsp.simadea.com:4(3
image.gousleconak.net:443
jpg.com:443
k.net:443
line.cr.js
madilice.com:
ntt.gicolimagea.com:443
omage.simg
pinet.im:443
qinet.com:443
rtic.s.google.com:443
static.com:443
tat.com:443
ubletaise.com:443
vice.com:d43
www.google-co.jp:443
x.nerytim.gidtub.cc.jp:4y3c.s.mogelack.jp:443
ytimg.com:443
(53000 53%) 1.4805
ads.google.com:443
bloglog.com:
contertatic.com:4O3lo.jp:g43
dntt:443
ettp://ocsp.digicer.oc:443
fanes.coubleclis.com:443
g.com:B43
http://ocdp.digic.cm.contwn.comY
idner.iminen.toubleco.com:443
jpgessterick.net:443
k.cem:z43
linerervices.notillc.org:443
mants.googleado.gloglo.monill.commcom:443
nttimg.com:443
oms.com:44l
pintacom.com:443
qinet.com:443
rtats.godsublec.ickonero.douglo.com:443
stats.godgud.jp:443
twimgoostr.com:443
ubletais.com:443
vicos.neticl.com:443
witter/com:44e
x.net:44:443
ytics.net:443
(54000 54%) 0.8491
ads.googlesyadi.ateots.js/ter/js/madne/rop/
blo.artata.com:443
con.com:443
dntt:443
ettp://ocsp.syadbortp://ocsp.scb1d.amoz/pl.jpub
fades.netitag.som:443
g.tapes.arupapistat.com/
h.tp://ocsp.cki.bortpls/nck.js/jp/
itter.com:443
jpgetatu.adertpi.c.mo
king.csthtter.com/stalic.mom/pus
lagesst.comades.com:443
mates.camonti.so.jp:443
nttp:/iocsp.ck.ort:443
omapes.auboola.com:44E
pintaco.sp.gletrert.com/com/
qiner.se.com:443
rtapis.gettales.re.comer.je:443
statar.com:443
tttp:/43
ubletats.atertares.tec:/43
vertarts.getati.com:443
ww.googme.com:443
x.ntt:+40.sturc.com:443
ytt.got/pic.ne.jp:443
(55000 55%) 0.5696
ads.g.oom:b4o
blo.glogle.com:443
com.goog.jsyndog.js/nd.gom:443
dn.tig:443
edservice.google-adso.cem:443
fanet.com:443
g.com:
http://pcsp.oogloglo.com/jp/jp/itages/nedst-idst-rick.net:443.jaooclp.com:/43
idn.twomg.c.yimg.jp:44;
jpgetvine.google.com:.43
k.net:4#3
linetro.cong
matic.ner:443
nttig.com:443
omageds.com:z43
pint-cs.jp:4"3
qin-twing.cop:443
rtat-s.coom.com:44)
s.com/booglett.com:443
tww.google.pim:443
ubleting.com:443
vicess.com:443-haboogles.ncomaticom.githatco.com:
www.google.pn.jp:4!3
x.com:443
ytimg.coo:443
(56000 56%) 3.1731
ads.googleads-ick.net:443
bloglyacs.jp:44`
conttits.googleacs.jp:443
dn.imgoogle.com:443
edim.com:44,
fada.dimg.jp:443
g.com:443
http:.gocsp.comadico.com:443
imaged.jp.googleadiaice.com:443
jpads.adiog.con:
k.np:443
lick.net:443
matilecom.getats.mogoom/com:4/3
ndicl.con:4/3
om.googilecdiag.tocom/cop:443
pic.net:443
qic.yndogle.com:443
rtatin.com:443
static.cdmoges.co:443
twimg.com:443
ubi.gocom:443
vice.com:443
www.google.com:443
x.net:443.someca.com:443
ytic.com:443
(57000 56%) 0.9563
adseavices.adima.jp
bintags.googlea.js/coomenticom/com:443
contertat.j.goojp/con.jp:443
dntt:443
eds.googleapi.jp/imagoo/matijs/com:/43
fanes.arine.googlo.jp:443
g.tp:4{3
htap://wwwi.go.gom/com:443
imater.jp/a.jp/ima.commonclimagic/com/jp/jp/com/contenttico.com:44{
jpgess.reagoogle.com:443
k.net:443
lytes/ataht.giog/js/com:443
mp.com:4'3
nttp://ocap.axi.jp/icom/com/com:443
omapis.a.com:443
pinet.trublet.com:443
qine.comadn.jp:44Y
rtatis.com/baaki.jp/img.jp/jp/G/cmm:443
stats.gog/pap.js/js
twit.com:443
ublogles.jpge.jpur.jpurjp/com:443
vices.net:443
www.foor.pog/imagis/com/jp/jp/con/jp/pister/images/comg.com:443
x.net/images/adoo.com/
ytt.g.tapi.j0.com:44I
(58000 57%) 1.1880
ads.google.com:443
blogle.com/com:443
con.comadic.com:443
ds.com/seadic.com:443
edseads.adgoogias.gomg
fades.com:44
g.com:443
htte:/4o
imagis.com:4&3
jpgesstreag.domg.oom:440
k.net:443
lync.sp-spad.goodle.com:4/3
mp.comages.cum:443
ndng.com:443
omaped.google.com:44q
pineads.adeods.com:4Y3
qinet.com:443
rtapis.gom:443
stapiseadick.net:443
tttp://ocsp.dimicert.com/
ubleadservice.geogle.com:(43
vices.nomgleala.com:443
www.google.com:443
x.net:443
yticesp.cdmadeadcom.google.com/
(59000 59%) 1.9929
ads.g.oomeb.co.js
blottin.crm:443
con.loged.cr.jpg
dntt:443
ettp://stres.cdimagiog.js/nergiseredous.nagiterust.cs.jp/redite.moom:443
fades.nd.gimg.jp:443
g.tp:443
http:/comsen.comblog.coond.jp/iclicensertic.mog/toc.img
imagis.com/goolle.com:443
jpget-abs.goooll.com:
k.net:443
litetro.s.google.com:443
madsy.com:.43
nttimg.com:443
omages/resttert.com:443
pinttine.cem:44
qinttine.coo:443
rtatter.jp:443
sttt:443
twimg.com:443
ubletats.google.com:443
vices.net:443
www.google.com:44\
x.net:443
ytim:/43
(60000 60%) 1.3725
adn.imiomatiag.com:443
bloglyads.geoollancs.jp:443
conttitic.nimg
dnaice.cooollacaic.mooollatagic.aimoblomaga.jp:443
edima.im:443
fanetic.spmobilmaco.jp:443
g.com:443
hatp://ocspadinaco.jp:/43
imagediag.nicoblomaga.jp:443
jpapi.mazoblomacaic.com:443
kinetic.imgoogle.co.jp:443
lick.net:443
matile.com:403
nttitic.bimg.jp:443
omapiatarice.toogleapi.jp:/j3
pinetic.com:443
qiclentice.com:b43
rtatinicline.jp:4:4H3
s.netiter.apioglonala.jp:443
tain.com:443
ublogliak.nicebiomaga.gitimeconar.jp:443
vice.jp:443
www.googmeaca.jp:443
x.comabiamagi.gooollangiaice.jp:443
ytimggeatic.googleada.jp:443
(61000 61%) 2.5224
adner.ioubleclick.aps
blog.service.gmagilyness.coimlanes.con/loglyscss.com:443
con.loges.com:443
dn.com:o43lasen.cobmogsps/gedick.noogllapis.comile.com:443
eds.ariater.c.moonlecls.cdimeoneclick.net:443
fanes.comgleali.google.com:443
g.com:443
http:4/3cs.jp:443
images.ausi.com:4G3
jpges.com:4[3
k.npiglo.com:443
lyness.com:443yss.cliaks.gst
mp.contpls.con:443
nttpis.goomleadse.cdm/aneesserdseads.godglesps.jp/wiwi.google.pimicomertacs.gooble.yimg.ythimpc/ss.gl
ontels.com:443
piseads.google.com:G4A
qinetst.com:443
rtic.s.moguelases.com/
statse.com:44p
twi.youglecli.kongloglesp.gicomisn.com:4430ssn.jicasserticly.com:443
ubles.com:443
vices.comadea.com:443
ww.googll.yimic.yicom/csp.con/
x.net:44~
ytic.sp-omadeass.googlesyndication.com:443
(62000 62%) 0.4243
ads.adima.jp:U43
bloglo.com:443.amo.com:443
con.cdm:4/3
dntt:443
edn.com:443
fonte.com/com:443
g.camedoa.com:z43
http://ocsp.cogicort.com/
ittp://ocsp.digicert.con/
jpges.adiog.cspiseaticon.com:443
ken-tw.js:44o
lytco.com:4.3
matero.comg
nttp:/c3.sp.digicert.com/
ont.csmadiarcoo.com/
pintaco.jpubloalc.mages/arcoomacomodub.comadnaticom/cr.jp/s
qinet.com:443
rtapis.googlo.com:443
stataco.jp:443
tttp://ocs.odkaterico.jp/
ubletaic.ctm:44$
vices.nateboac.com:443
wwwt.coublo.com://ics/oocle.dom/
x.ntt:443
yttp://ocsp.dogadert.com/
(63000 63%) 2.1100
ads.gediles.com:443
blogles.nd.github.ck.jp/jp/crvidehttp://liviseor.cem:433f
cdn.timg.jp/b.gmizinercom/cc//cog/ff2b0dksicd.js/jp/bidg.com:443
dstp:443
eds.feblowil.goojs/cor/js/fibgetahb.oni/iclick.ne//corvedahetdna.com/com/d/con/cr/brog_fertiongletiim
fadess.com/
g.doubleclick.net/ime.jpf
http://lesp.simadis.jp/r/hetp3
images/red/jp/con/ics.js/febrewitner.com:443
jpg.foogle.com/grthtt/c//cds/feblewithet.cr.jp/icom.jp/jpgets/beadicd.jp/jp/icdeticn.com/icsereatic/s
k.net:443
lytimg.com:443
madili.com:443
nttig.coridner.jp/iclerecse270/1b.gif
omagedstred/urep/sigeds/b.gm/
pint-im.googles.net:443
qinetsin.com/
rtatin.timi.googles/crm/twi1//cortfebrerics.net/img.jp/
stapicle.con:44D
tww.googlo.jp:443
ubids.googles.com/
vices.mog/log.com/
www.tag
x.ntt:/is.seor.jeddimg.jp/icle.comidn.js
ytimg.com:443
(64000 64%) 2.9283
ads.adimadima.com:/4s
blatans.googleada.jp/imatront.nimg
con.litic.con:443
din.twitteriate.gimg
etile.cdnetita.com:443
fane.caminetap.s.googleapa.jp/imatron_lagio.jp/jp/icom/com/padiams.migealink.jp:443
g.com:443
hatp:4/3
imatin.cog:443
jpatic.s.googleapa.jp:443
k.net:443
lent.jp:443
minetic.s.googleapa.jp/imatron/wwww1.googleapapica.com/loada.com:/i3
ntt.g.com:443
onala-in.com:443
pinttintt.com/lick.nrt:443
qintt.im.gimareater.jpg
rtwit.gidguereatap.simediamadnatservicen.toubletais.cem/arabads.googleapiag.oom/
static.com:443
tatat.com:443
ubleadic.nekimeada.adimicertp/img/oog/lageds/adservicenstagic.nikimeria-on.jp/im-adsync.madoolle.com:
vice.jpg
www.googleaco.com/
x.net:443
ytim.criter.jpgong/wwwitner/imenitag.com/
(65000 65%) 1.2332
ats.g.doudlealick.net:44h
blog.simg.timice.com:443
con.lomagse.coc:4V3
dn.con:443
etter.coubletaic.com:443
fants.goobletpis.com:kO3
g.com:4u3
http://ocsp.doublealick.com:443
imageds.gomglealise.tic:d43
jp.gedaubleclack.net:443
k.net:443
lynes.awidnet.co.com:443
mpapast.com/adaxe.toogllack.jecteom.com/com:443
nttp://ocsp.dogicer.com:443
omade.googleapis.com:443
pine.som:4x3
qin.ynimg.com:443
rtapis.com:4'3
stats.googleads.g.com:,43
tww.googleads.g.doubleclice.com:4/3
ublet.com:4d3
vices.net:443
wwww-t.com:.43
x.net:443
ytic.yndog.cer:443
(66000 66%) 1.5423
ads.ariater.com:443
blog.com:443
com.gooll.com:443
dntt.com:443
eds.com:d/3
fants.goodle.csimage.jp/
g.tp:443
http://ocsp.doublealico.jp/
images.co.jp/icamer/a1_200/
jpg.fomedic.roon.com/s/ara/_mag/
k.netima.com:443.js/rvaderater/amad_hator/js/agif
lont.com:443
madsy.coo.jp:443
nd.google.com/com/ar/j/
omapes.adimater.cub/omagea/are_0
pinta.se.com:
qintt.img.tit:4/3c/mo.com/
rtatar.adix.ne.jp/amadon.com/
static.com:443.soo.com:443
tttp://ocsp.dig.com/
ub.com:4/3
vinet.co.jp/piama.js/
ww.google.yndimicr.jp/
xen.twimg.com:443
ytt.js/ador.com/door/p//js/
(67000 67%) 1.6716
ads.g.domg.jp:443
bidtagse.com:443
con.pig
dn.tim:443
eds.adima.com.googles/img.js/rorg.jp:443
fants.gs.glealesl.jm:4O3
g.ta:443
http://parts.ne.google.com/
idn.goolle.com:.j3
jp.gimg.js
k.y.img.jp:443
linetrus.com:443
madsy.com.com:443
nttit.com:4<3
omadin.tim:4/3
pint-im.googles.ndimg.jp/jp/ics.com:443
qintt.googlo.comont.jp/js/red/useroliglogle.googlo.jp:443
rtatin.tim:443
s.net:443
twitter.com:4H3
uttp:443
vices.net:443
www.google.com:443/
x.net:443
ytim:443
(68000 68%) 1.9280
ads.adimads.adimg.jp/wiwit.js/ericews.com:443
blok.net:443
cont.com:443
dn.timisertice.jp:443
edimadim.com:^43
fane.contwit.crm:443
g.com:443
http://ocsp.sifebiom.goog/es/pagicon/lickimg.jp/
imadin.com:443
jp.cem:433
k.net:/43
link.com:443
madia.com:443
nttic.com:043
omadiaisertice.coompery-h.sp:/43
pinetic.s.mogilesp.sem/cortpp/stred/img.jp/synh.ja:443
qinet.com:443
rtatin.com:44/
statar.com:443
tata.simediadservices/padinerics.com/pisyner.jp:443
ubletais.geooubl.click.jp/jp/icle.com:443
vice.sp.gooolleads.rvimessp/emagenarustavicentics.nvicess.com:443
wit.cr.jp:443
x.net:443
ytim.gitere.com:443
(69000 69%) 1.9781
ads.g.doublec.ico.met/imades/com/
blog.simg.com:44z
con.com/docdi.googleadss.com/
dn-t-sp.netic.cd.googli.ynim:443
eds.arime.com:443
fanes.com:443
g.com:443
http:/43
imaged.com:443
jp.ges/redic.ner:/43
k.cem:443
lynd.gi-honela.cog:443
madi-a.cs.blomadiag.comg
nttp://sync.imadsp.com/wig.con/lovices/adservices.com:443
ont.com:443
pine.co.jl/videortpl.com/com/con/t/ict/con/es/adservices.mogulacon.pog/logessyedic.yoog.com/sendicren
qin-a.services.com:443
ront-in.com:443
st-ub.nongloglesyndication.com/stadice.crm:443
tww.google.com:
ublet.com:443
vices.com:4^3
w.tourlic.n.mom/imine.goo/meads.g.doubleclick.n-t/ulyncs/iconer/icongetatic.com:44{
x.net/imadin.com:443
ytic.com/pcont.com/
(70000 70%) 0.8478
ads.google.cominntict.com/pisealivedson.com:/i3
blog.com/dic.com/jp/ada_inet_imanes/amaneagss.ngmogileap.semadis.com/pcom/prg/fong
con.com:443.ng.jp/icom/ica.js/adsurvices.nvimasis.jpubloclick.nekima.csm:443
dntp:44g
edn.com:%4O
fants.googep.spimges/artag
g.tp:443
hatp://ocsp.digicert.com/
imaged.com:443
jpg.foubloclick.net/coms/conten/images
k.net:443
lytp.st-ht.ps.js/com/icane.js
matin.cublock.com/pcon/loglonk.ng
ndt.gomgles.cob:443
omapis.google.com:443
pic.goontic.simenii.googles/imgets/imgeelinengimagis
qads.google.cop:443
rtapis.gedili.cs.jp/imagis/adseavices/sublongicapis.jp/
stap.contpig.com:443
twi.google.com:443
ubles.ark.net:443
vicon.nit:443
wst.http://acsp.digicarts/arub_spagifanes.jpg
x.net:443
ytim:.43
(71000 71%) 0.8901
adn.s.goooleapis.je:443
bintwit.googlo.com:443
con.com:443
ds.god/liclo.mogilerertic.mozilec.net:/43
eds.ariater.com:443
fades.net:443
g.doubleclick.tet:443
htte://ocsp.dimadert.com/
images.comoglo.com:043
jpg.foublocli.c.moogllacd.jp/
k.net:443
lag.yaheo.co.jp:443
mp.com:443
nd.yicoublo.js:443
omads.googleapi.google.ynd.jp:443
pint-cs.goubl.googlGapn.jp/
qintt.google.com:443
rtatin.com:443
static.com:443
tww.googleali.mogilecon.poojp/r.adilytero.com:z4Blyadoortating.doumleclick.net:443
ublettics.net:443
vices.net:4;3
wwwtthomg.ooublecls.mogeo.torgleslicmmazontr.tic:443
x.net:443.ng.doli.doom.jp:443
ytimg.cou:443
(72000 72%) 1.5596
ads.com:443
bloglysc.g.com:443
conte.ca.com:443
d.comelick.net:44
ed.com:443
fant.com:443
g.com:443
ht.p://ocsp.cc:4O3
im.gediag.dovicest.c?
jp.co.js
k.net:443
lynk.g.tapi.jp:443
madiag.doub.jp:44~
nttic.comg.jp:44m
oolle.com:443
pintert.com:443
qic.n.titec.com:443
rtate.amazinta.com:L43
static.con:443
tatac.com:443
ubletars.cem:4P3
vice.comenet.com:"eO
wwwk.netet.jp:4h3tec.jp:443
x.net:44O
ytimg.jp:4|3
(73000 73%) 1.9908
adseadic.com/dncl.googlfacsi.com/
bloglena.com/doade.com/
con.prg
dn-agse.coublec.sim:443
edner.com/laged.co.jp/alaic.amontila.con/lages/com/pa/er_ter/js/mog/papis.cem:443
font.com/dnc.com/daast.com/
g.com:443
htte://omg.jp/rogmesynh.cat/sn.gimadnervices.mageontwimgoc.crm/titatericer2.conglogleaps.googmeapisec
images.com:
jpag.yadoogleapis.com:443
k.net:4=3
lynd.githter.com:443
madead.oom:443
nttp://onap.godspic.com/amantic.aroom/arapibe.com:/43
omapin.cob:443
pine.com:443
qin-ads-ad.com:443fase.com/arcor/p//ads/?
rtata.n.oogllacds.goomlecas.com/
statac.moogleacs.jp/tarite/icon.pig
tate.com:443
ublea.services.mogulatic.com/latacs.con/lmapsserocom/pagets/icseadice.dom/com/pa/icortp//adn_s/imidia
vade-s.ne.gmo
www.google.com:443
x.net:443
yt3.g.phtbloc.com:44O
(74000 74%) 1.5004
ads.g.doubcecli.netit.con/
b.dttine.com:443.son.cli.doreaGa.n2.js
com.getht.geadie.co.jp/cli.js/aron/clapks/fontel/adservices.mozilla.com:443
ds.gomglesyndic.jion.com:443
eds.arthttp.gon.levidea.com:443
fants.gomgleali.ke.jiman.s.cololl.co.jp/comade/s.agi/
g.tp:443hable.didi.ior/con///s//ss/sspvidess.col:440
http:/43
image.google.cdimeaii.n.com/cnn.js
jpg.fombloc.im:443.js.jp:443
k.net:443
lytp.g.js
mater.com:443.so.domi.iaiea.ja/2///on/l/spsstessertices.net:443
nttp://ocsp.ditice.sec/im.jp/
oma.com:s43
pint-im.jp:44;
qinet.co.getime.jp/icon.com/con/s/sedservices/sspublestarg.jpublocli.a.set:443
rtater.adit.cem/acon.js/js/aron_les/isp.ss?
sttp://www.ttime.co.jp/js
ttt.g.com:443.aco.treadea.com//con//ss/js/adservices.nvimgs.godale.imadea.adon.js/ncsmedima.com:443
ublet.com:443
vices.ned:44I
www.googlo.com:440
x.letime.com:/43
ytimg.com:4/i
(75000 75%) 2.0238
ads.adima.com:443
bloglest.secdicredom.com:O43
con.conttic.serviees.crm:443
ds.gomales.com:443
eds.crm:44)
fadess.net:443
g.set:443
http://orsp.cogideri.com/
images.mog:443
jp.comadecs.com/
k.net:443
lytics.twimgeroct.com:443
madsy.com:443
nds.gedstreacl.com:443
odsp.com:443
pasertic.sem:443
qiner.set:443
rtservice.jp:443
streastred.co.jp:443
tads.rvices.com:4}3
ubloglest.comg
vides.com:4Y3
www.google.comicater.com:443
x.net:
ytim:/43
(76000 76%) 0.7487
ads.adima.com:443
blatals.adeore.com:443
con.letaise.doog.jp/
d.com:443
edic.sem:443
font.com:443
g.com:443
http:./om:443
images.ad.jp:443
jp.comide.com:443
k.net:443.so.do.jp:443
lynk.jp:443
minet-s.s.com:443
nd.go.js
omaleads.g.doogserv.com:443
pic.yok.jp:443.aco.co.jp:443
qic.ynd.jp:443
rtata.s.googlo.com:44T
s.com:443
tatac.magoo.co.jp:443
ubl.glyak.co:443.js.jp:44o
vice.soogle.do.com:443
wik.ne.jp:443pha.co:443
x.net:44O
ytim.gedime.com:44"
(77000 77%) 1.9332
ads.g.doubleclicks.comenerervecom.githtec.mo44les.net/te/s/net/im/s/setvines.god/liclonk.net/tecs/crm
blog.simedicl.com:443
com.google.com:443
ds.god/liclonecle.conet/con.com/
eds.gedoubleclick.nOtot/cl/spng
fonts.googlevicoo.com/s/cor/et/is/geooulespls.com:4/3
g.douslever.fyneootlea.nog/ttter/coms.ntihtter/secdick.net/paservices.com:443
http://www.google.com/lates.contentecs.com/pcom/levitie.cem/
images.rods.nviclocks.com:443
js.google.com:4/3
k.net:443
lynds.gedoubleclick.net/enc/rmp/st-edsenervadss.goojlevices.net:443
madsy.coogllynds.g.doubleclick.net/tec/ropgetvereonts.gstalic.som:44l
ndn-s.net:u43
omagess.ngidtervives.con/lla.com:443
pines.com:443
qublests.go.cleverols.com/.com/
rontervides.mozolla.ssttti/ecdetten//stttic/s/rojt/lagesices.rom:423
st-ting.got/lecly.com:44\
twim.groole.com:443
ubletic.s.getales.cdick.net:t43
vedes.com:443
ww.google.com:
x.net:443
yt3e.clyt.net/im.net/tec//con/es/festenisenesytwimg.com:440
(78000 78%) 0.7595
ads.gooolecon.im:44U
b.com:443
con.com:443
ds.googlesyndicater.com:443
eds.arime.cam:443
fontervices.mozilla.org:44|
g.com:443
http:g/ocsp.dogicert.com/
imageoglo.com::433
jpg.fomblog.commage.doubolclick.oom/com:443
k.yedimater.com:043
lytp.g.tom:4T3
mater.com:4D3
nttp://www.jp:443
omgeestr.google.com:4J3cst.com:443
pine.com:443
qinet.com:003
rtater.com:443
syne.com:4f3
tater.ceb:443
ubles.aroogle.com:4d3cstnck.com:443
vices.nom:443
www--ad.oomelicle.com:443
xen.tom:443
ytice.com:443
(79000 79%) 1.4772
ads.ariatereadin.coo:443
blogles.ndimg.com:44q
con.loglogi.arcd.jp:443
ds.com:443
eds.adig.copi.jcom:44
fanes.com:4z3
g.douslecdick.net:4R3
http:/
ima.comadn.com:.43
jp.couble.loub.nc.icom:443
k.com:443
lynds.gedoublecl.se.jp/rcom:443
mp.com:443
nd.gitile.coc:443
omads.s.gomaleadi.mog:&43
pine.com:4j3
qinet.im:443
readin.settic.com:443
stapas.net:443
twimger.com:443
ubles.are.twidnet.com:443
vedifend.com:443
www.foom.jeatic.com:Z43
x.net:443
ytimg.com:44x
(80000 80%) 1.1455
adsy.com:443
blatass.nd.iagervices.mozol.com:443
con.lust.com/com:4O3
dn.com:44#
edima.comades.com:|43
fablo.com:443
g.apublack.ck.net:443
hatp:/43
images.ad.yamic.yteos.comT.jpcom/com:44?fsa.con:443
jpco.com:443
k.ne.yamic.ytdn.tet:443
laglysk.ck-yn.jp:44;
madiamads.geogleats.nckitet.com:443
natic.cdnet.com:443
omads.addor.com:443
pin.clynk.jp:443
qic.net:t43
rtata.s.google.com:443
s.coustec.com:44$
tana.com:443
ublet.com:443
vic.s.com:443
wwwk.net:443
x.net:443
ytim.cum:44.
(81000 81%) 0.4582
ads.g.doubleclick.ner:443
blog.simg.oom:443
cont.booglickicen.com:443.ss.com:443
ds.googlespis.com:443
eds.adima.com:O43
fanes.googleapi.mcom:443
googleads.bcomint.com:443
hatp:/gofs.nd.gotile.co.jp:443
idn.bloglesyndication.tom:4r3
jp.goodleads.g.doubseclick.net:443
k.net:443
lynk.gooole.cos:m43
madsyndic.com:t43
nttig.com::43
oon.com:443
pis.adimg.com:443
qintaric.comagit.com:443
rocsynds.gedoublecli.konettco.comapic.com:443
statss.googleapisec.mogmanc.momadic.n.com:443
twimg.com:4C3
ubid.git:443
vedous.nolilespic.com:P43
wit.groole.com:443
x.com:443
ync.yatoonc.com:443
(82000 82%) 1.0110
ads.googleadne.com:443
b.atahatp:443
con.adseaterd.co.jp:44=
dn.com:443
eds.comoonte.aics.comocen.tit:443
fanes.adinater.com:4P3
g.com:443
hader.cem:443
imaged.ad.jp:443
jpap.spboolabeagic.com:443
k.ner:p43
lytp.g.too:44/
mp.com:443
nttp://ocse.comader.com:443
oma.adoogleadn.comoooc.com:443
pinta.sertapi.goonle.com:443
qinea.som:443
rtatar.ax-oobletcont.cocom:4x/lsc.com/oocle/csservicen.too:44w
stttic.com:443
tater.com:443
ubleads.con:443
vinet.com:443
www.google.com:~43
x.net:443
ytice.com:443
(83000 83%) 0.5392
ads.adima.cam:443
bloglest-ag.oom:443
con.com:443
dn.com:443
eds.artatas.com:(43
fants.gstoublecdick.net:443
g.ta:443
http://scsp.gidacds.com:443
imatenat.com/atcor.com:443
jpx.fubroolic.com:443
k.natine.com:443
lyting.com:.j3
matin.com:.43
nd.gimages.com:443
oma.com:d43
pint-co.jp:443
qintags.ad-hateca.com:443
reatin.cooo.com:443
statin.coot.com:443
tatafen.com:443
ubletaise.com:443
vices.natic.com:443
www.googletag.com:4
x.net:443
yndigitice.coo:443
(84000 84%) 3.1333
ads.adima.com:443
bict.com:443
con.lecds.com:443
dnx.ynh.jp:440
eds.crm:443yshe.pe.jpicmm.sstecoade.jp:4/3csp.debabertimms.nf
fablo.com:443
googleads.ccm:443
http://ocap.didicert.como
images.adicatera.com:M43.se.com:443
jsx-1.pamizis.cum:443
kingeds.cdm:44nps.boog.apint.js:44
lynk.jp-ap-adn.c.cos/costee.com:443
madic.com:443
nd.glogllapk.jp:443
ousp.contk.yadoca.com:443
pic.net:ads.se.com:443
qic.y.com:443
rtap.sp.jp:4
s.cubist.com:440
twimg.com:443
ublok.cs.jp:443
vices.mozelasp.com:443
www.googlo.jp:443
x.net:443
ytim.cx.js
(85000 85%) 1.4872
ads.adivedeor.com:4+3
blo.dstatic.com:443
con.pisyaner.cainne.som:443
ds.googlo.yndicatica.com:443
eds.ynimg.com:443
fants.google.csmadoo.com:443
g.dombloglicksigedeervices.cdicl.cem:443
htte:443
imagsynhttp:a/pls.fourencon.com:443
jpap.sp.gouslnvecom.com:443
k.np:/43
lynd.jp:4dn
madsy.com:44S
ndn.ynimi.tic:4/3
oma.com:443
pint-sp.goublesyndica.jp/boolletaiservices.mogmp.con:443
qicsyndoutervaden.twimgocdine.iom:443
rtating.doubleclisen.com:443
static.com:4Y3
tanes.adiveder.jp:443
ubletaiag.doog.jp/
veder.iwingetstacdnerveresserucl.cemador.cemadola.com:4/3
wwww.goog.eovilecdice.je/tior.cov:4)3
xentads.g.doubleclice.jp/reblestrust.com:
ytimg.com:443
(86000 86%) 1.6561
adn-ads.addoulerd.sim:443
blog.com:443
con.compaptada.com:443
dn-syneruse.sim:4^3
ertpur.jp:2/3
fane.com:443
g.tp:/docs.nwk.ceruderectro.com/prg.don.js:4V3
http://ocs.ndkiab.com:443
images.com:443
jp.gedadi.com:443
k.net:443.sp.ddic.dim:t43
lync.com:443
mater.com.com:443
nd.gimages.com:443
omapes.add.googlesyn.com:443
pinea.sp.goomapis.glontics.nsticer.com:443
qin-a.sp.gmostp:443
rtapi.googlp.cdimpaice.com:443
stapice.som:4k3
tater.cem:443
ubleadn.k.momicoco.com/comadn.com:443
vices.nck:4Y
www.google.com:443
x.neruser.com:443
yt3.g.tim:443-sp.cdm.com:443
(87000 87%) 0.8930
ads.g.doubleclick.net:443
bloglest-ads.com:443
cdn.com:443
dn.com:.43
eds.aroos.comagea.ama:403
fanes.com:443
g.sp-sp-s.acon.com:443
htt.na.jp:443
images.comade.com:443
jpx.foor.js
k.net:443
latabs.camontp.s.goomancom:443
madsy.com.cop:4c3
nd.giticl.com:443
oma.com:446
pin.cditageo.com:440
qin-ads.cdm:44i
rtatic.se.jp:44
static.com:44_
tan.cont.camado.adimatcom:44t
ubles.arivece.jecomap.s.comO.jp:443
vices.natilec.im:443
www.google.com:443
x.net:443
ytimg.com:443
(88000 88%) 0.6385
adic.com:443
blatans.nettse.com.com:443
com.comade.com:443
dn-ima.sp-hs.jp:4e3
eds.ynimg.cht:443
faneb.st-hatent.com:44O
g.comgsestre.com:443
hatp://ocsp.siged.yedoon.np:443
imageds.com:443
jpages.redsync.com:443
k.ne-is.js:443
lynk.jp:443
madic.ne.jp:403
nd.yicom.ynhttp://pcspe.com:443
omapes.nek:443
pase-s.aedazink.net:44O
qic.nek:443
rtitic.m.com:4~3
s.net:443
tan.cobs.ctimatert.cem:#43
ubletin.k.mesice.com:4T3
vicest.jp:443
www.goodne.jp:443
x.net:443
ytimgsestr.jp:443
(89000 89%) 0.8926
ads.g.dounl.com:443
blag.ss.google.csm:443
con.litess.cdmontic.s.momatic.com:443
dn.imeais-adse.js.momadic.ne.jp:443
eds.ynd.jp-apa.com:443
fanesynhttp://omapis.aminater.com:443
g.doublecli.googletcom:443
http://sync.im-dspare-sws.yncoute.amp/imadili.monittenic.com:443
images.amizing.com:4/3
jp.gedare.doom.jp:443
k.net:443
ly.ds.ythoo.co.pp:443
madsy.com:4/3
nttig.s.com:443
oma.com:44(
pine.sim:443
qinta.im.gomalic.no.js
rtats.g.doublecli.gongle.com:443
stapi.google.yndica.com:.43
twi.yet.com:443
ubletais.cditten.com:443
vicos.net:443
www.google.com:443yssn.clytdne.com:443
x.netiticl.google.com:443
ytimg.com:44m
(90000 90%) 2.1947
ads.googlesyndication.com:4$3
blatara.com:443
contentres--ad.jp:4/3
dn.clm:4j3cs.jp:b43
eds.com:443
fanes.com:4?3
google.co.jp:403cspo.com/pade.com/
hatp://ocsp.godaddy.com:443
images.com:443
jpx.foodsesyic.cdynoocle.mo.jp:443
k.np:/43
lync.gitaces.com:443
mater.com:443
nd.google.com:443
omades.com:443
pic.googlesy.dicamion.com:443
qic.yic.com:443
rtatico.google.com:443
sync.com:443
tting.com:443
ubleads.godglesyndication.com:443
vic.s.mg
www-faba.trg:443
x.neryadic.ymog.jp:043
yt3.impar.jpcomo.tous
(91000 91%) 0.7938
ads.adima.com:443
bloglest-ad.jp:443
con.com:443
dn-ads.s.mogea.com:443.sm.google.com:44p
edsy.com.nates.com:443
focly.com:443
g.sp-sp.jeatanacom.com:443
http://ocdp.syner.jp:443
im.ges/le.com:443
jpx.fooma.com:443
king.com:443.so.jp:e43.na.jp:443
lytin.c.yomg.jp:N43
madsy-ho.jp:44X
nd.gifices.com:443
omadsy.cdm.cam:443
pisy-ho.jp:443
qustana.com:443
rtata.amazon.co.jp:443
static.com:443
tww.google.cog:e4tps.getapas.com:4R3
ubles.adima.eo.jp:443
vice.soogle.com:M43
www.google.comages.com:4+3
x.cop:443
ytimg-estaca.com:443
(92000 92%) 1.1515
adsy.com.com:4m3
blatinsk.ne.jp/adadner.jp:443
con.pimadin.com:443
dn-ims.ntimg.spadd.s.jp:443
eds.ynhttpp.sp.tbaok.yndoglenpzimatuct.com/padet.com:443
fanes.com:4P3
g.yimg.jp:443pss.dob.com:443
htten.com:443
ima.imagsont.com:443
jpapis.aditater.co.jp:443
k.np:443
lynk.jp:O43
madin.clm:443
ndn-s.sp.gmadsp-sp.js
omapis.geogleadn.k.oom:44O
pinet.com:443
qin-ads.conts.com:443
rtatera.com:443
static.c.momases.rettonts.nt.js/adouslnclick.neb:443
tanet.com:443
uttp:/iocsp.ckb.domg.t3
vice.sp.gmoosp-sp.jp:/4ofsp.djpibertrtiner.st.js
www.g.oomb.jp:443
x.net:44O
yn3.g.thtbs.com:
(93000 93%) 1.6285
ats.g.ooublecla.kong
blog.ss.gooole.com:443
con.liteads.net:44j
dn.imeais.g.oom:443
ertapis.google.com:443
fanes.google.com:443
g.dous.jp:443
http://s.netita.com:4k3
idnervidis.geoole.ass.jpcane.roorcl.com:443
jp.gedare.dous.ncomanes.asimages/amedog/s.com/piahase.js/
k.np:/4f.nas.com:443
lynk.set:4
madsy.doog.pocs.jp:443
nd.com:043
omads.google.com:443
pine.com:443
qint.sim:44O
rtatan.com:443
stats.g.doun.nclico.jp:443
tane.comadn-ads.n.com/seadic.sem:443
ublet-in.js
vices.ndt:443
www.foom.ne.jp:4.3p/s.js
x.lublog.lag.net:443
ytimg.tite.ne.jp:443
(94000 94%) 0.9090
ads.adima.com:443
blog.com:443
comp.comade.adoom.com:443
dnt.com:443
eds.arico.jp:443
fants.google.yniigatic.moomler.com:443
g.tp:/4ocsp.dki.goog/GTSGIAG3
http://ocsp.didicert.com/
images.addog.jp:443
jpc.yomg
k.com:443
lytpig.com:44.
mater.cuboomadsynd.com:443
nttpi.gutape.jpadera.con.jag
ond.com:44O
pic.servader.addn.com:443
qic.y.dmubr.com:44v
rtatar.com:443
synticat.oogleadidic.serv.domg
tttp://ocs.ndkaicoom.com:443
ubleads.godoula.com:4f3
vades.com:44 
www.yahto.trcom:
xentt.gocol.com:443
yt3.g.pom.com:443
(95000 95%) 2.4400
ads.adima.com:4/3
blatahtt.na.boocaps.jp/bm/trustertic//rod/ub/jp/img.pimg.jp/amadonec.madinerusten/im/gificen.jp/
con.comine.com/com/arend/im/ert/com/
dn-ads.ynimg.jp:443
eds.adimanes.com:/43
fanes.adimg.jp/images.ymimages/pm/trog///vide/syndig.jp/
g.yahes.com:443
http://omaged.aredstred/ub/ortic/s/boolendsync.madioncertpigme/ichetd/ag.oolis.com:4/3
imagis.cem:453
jpx.feads.content.img
k.netima.sp.adim.com/poner/cor/p//jp?
lytpi.y.himate.jp/rmatinet/im.gef
maten.amads.cem:443
nd.googlasynd.camises.crimegim/con/pi/iaine.com/dadads.netime.coubmetichttp/s/b//iag/fong.jp?
omages.adimates.com/
pin.com:443
qin-ads.com:443
rtich.tp://lase.dimades.js/magif//roog/eading.jp
sync.im-app.s.com/god/p//mad/i/y/dm/ges/rubmedim.com/pon.com/adservicom/
tane.comine.js/js/mrdi1.js/adoubleclick.net/ub/s/jp/s/nd/gid/ubinglestahet.com/
ubles.ariveces.mog/p.com:443.hobela.com:443
vices.natib.com:443
www.goog.jp/gmagid.contpl/jp/bm/trg/f/rmb_clenatub.com/prveds/ynd/ubloglhatena/ned/images/amaden.cop/
xen-ads.adima.com/
ytima.co.jp:443
(96000 96%) 0.3662
ads.arols.awim.jp/jp:v43
blogles.nakine.jp:443
con.pimg.jp:443
dnx.ymogsp-sp.jp:443
eds.ynimg.con:443
fanes.co.jp:443
g.com:443
http:/@lchttp://ocrp.sca1b.amagoath/scna/beoaglagloglo.claicarortp.smazo.jp:433
images.nel:S43
jpapina.com:4[3
kinetic.n.mompcs.com:443
lyne.sp-hon.co.ja:443
madsynht.cht.p:443
natile.com:443
omales.nek:443
pinetsim.cr.jp:4B3
qintt.s.com:443
rtapis.ne.jagessp.com:443
syneriaph.jp:443
tanes.comine.jp::43
ubletans.naticem:443
vices.n.jp:443
www.google.comjpats.mc.jp/
x.nea:443
ytim:443
(97000 97%) 1.0091
ads.g.doubleclick.net:443
b.doublecli.google.com:44Q
cds.godglespis.com:043
d.com:4
eds.yrime.com:443
fanes.adin.com:443
goog.dimgservices.mom:443
http://s.ads.com:4k3
images.rustalic.comatec.mozilea.icm.tof/cr.jp:443
js.mervices.mozicle.com:443
k.net:443
lag.yamoo.co.jp:043
madsy.com:443
ntt.g.com:4%3
oma.com:443.ho.jp:443
pines.rodse.com:443
qic.ads.adsor.com:443
rtats.g.doubleclice.net:44m
stats.g.oom:|43
tat.com.dicorele.com:443
ubleads.g.doublec.ick.nec:443
vices.mozolla.cs.jp:443
wit.ge.gomg.js/immerico.com:4/3
x.net:443
ytima.cs.js/adoom.jp:443
(98000 98%) 1.1514
ads.googeeavi.googlo.clm:443
blog.simg.com:44J
contpl/coor.picont.cog:4/3
ds.god/leado.s.google.con:4/3
eds.ariceb.oog:443
fonts.adica.com:443
g.com:443
htap://ocsp.digicert.con/
img.com:443.sh.d.micoocrm:443
jpx.fooml.com:443
k.net:443
lon.yimicer.oog.oogmog/pagoomg
mades.cdmog.jp/
nttp://ocsp.dig.oort.com/
omades.arg.ogionconspadtaic.oom:443
pine.com:d43
qic.y.doubleconckmog.jp/
rtater.com:443
stapice.com:443
tttp:/
ubles.aric.com:44n
vices.ned:443
www.gooole.poom:443
x.ner
yt3.gstat.com:44j
(99000 99%) 1.1310
ads.ariater.con:443
blatfonalat.com:443
con.com:443
ds.com:44
eds.ariagoo.jp:&43
fane-apass.co.jp.jpg
g.comadoca.com:443
http://ocs.neka1e.yamos.js
images.yadooly.com:4G3
jpx.fapro.sooglescom:443
k.n--apass--s.adn-ins.com:443
lages.yadoon.com:443
mp.co-adn.com:443
nd.gitice.cam:443
oma.com:443.so.jp:edocsp.com:443
pin.cobsetvice.soogm.con:443
qaicy.com:443
reatares.cd.yocom.jp:443
sync.im-appsen-im.google.com:443
tanas.adshatoca.nok:]43
ublog.yahtt.jageoores.com:443
vicest-ag.dogic.com:4O3
www.geogueecomads.cou:443
x.condnx.js:443
ytimg.cathoo.co.jp:443
(100000 100%) 0.4993
ads.adseb.dwimgerg.eevicoon.com:443
bloglyncog.eaded.com:4
con.piseadic.co.jp:443
ds.gudfubleclick.net:4e3csmndime.doubmetwimger.ceb.corublentick.com:443
eds.ynhtt.ca.ne.jp:400
fanes.cdine.com:443
g.sp:443
http://ocspb.com:443
ima.com:40=
jpx.fooml.com:443
k.net:443
lyndssytime.toogle.com:443
madsy.coublock.co.teb.cor:t43
ndsytrice.toogme.comg
omapis.get:443
pinetst.com:443
qintt.g.tom:443
res.ysimg.con:443
s.com:443
twimg.com:443
ubletaise.com:443
vices.ndimg.clineli.com:4E3
www.google.co.jp:44+
x.neads.comme.com:4o3
yt3.g.phtblec.mok:443
